<?xml version="1.0" encoding="UTF-8"?>
<testng-results ignored="0" total="1" passed="1" failed="0" skipped="0">
  <reporter-output>
  </reporter-output>
  <suite started-at="2024-10-10T13:57:35 CEST" name="Default suite" finished-at="2024-10-10T13:57:43 CEST" duration-ms="8636">
    <groups>
    </groups>
    <test started-at="2024-10-10T13:57:35 CEST" name="Default test" finished-at="2024-10-10T13:57:43 CEST" duration-ms="8636">
      <class name="com.example.apitests.ApiTest">
        <test-method signature="apitest()[pri:0, instance:com.example.apitests.ApiTest@477b4cdf]" started-at="2024-10-10T13:57:35 CEST" name="apitest" finished-at="2024-10-10T13:57:43 CEST" duration-ms="8528" status="PASS">
          <reporter-output>
          </reporter-output>
        </test-method> <!-- apitest -->
      </class> <!-- com.example.apitests.ApiTest -->
    </test> <!-- Default test -->
  </suite> <!-- Default suite -->
</testng-results>
